<?xml version="1.0" encoding="UTF-8"?>
<!-- Generated by org.testng.reporters.JUnitReportReporter -->
<testsuite hostname="SSPL-LP-DNS-0204" name="app.chatroom.testcases.MutiUserCallTest" tests="2" failures="0" timestamp="24 Dec 2019 21:18:09 GMT" time="65.368" errors="0">
  <testcase name="multiUserCallTest" time="31.388" classname="app.chatroom.testcases.MutiUserCallTest"/>
  <testcase name="multiUserCallTest" time="33.980" classname="app.chatroom.testcases.MutiUserCallTest"/>
</testsuite> <!-- app.chatroom.testcases.MutiUserCallTest -->
